
**** 09/02/21 19:30:30 *********** Evaluation PSpice (Nov 1999) **************

 * C:\Users\Administrator\Documents\circuit\Schematic6.sch


 ****     CIRCUIT DESCRIPTION


******************************************************************************




* Schematics Version 9.1 - Web Update 1
* Thu Sep 02 19:30:27 2021



** Analysis setup **
.tran 0ns 1000ns
.OP 


* From [PSPICE NETLIST] section of pspiceev.ini:
.lib "nom.lib"

.INC "Schematic6.net"

**** INCLUDING Schematic6.net ****
* Schematics Netlist *



R_R1         $N_0002 $N_0001  53.05  
C_C1         $N_0003 $N_0001  1000n  
V_V2         $N_0002 $N_0003 DC 0 AC 0
+SIN 0 1 3000 0 0 0

**** RESUMING Schematic6.cir ****
.INC "Schematic6.als"



**** INCLUDING Schematic6.als ****
* Schematics Aliases *

.ALIASES
R_R1            R1(1=$N_0002 2=$N_0001 )
C_C1            C1(1=$N_0003 2=$N_0001 )
V_V2            V2(+=$N_0002 -=$N_0003 )
.ENDALIASES


**** RESUMING Schematic6.cir ****
.probe


.END

ERROR -- Node $N_0002 is floating
ERROR -- Node $N_0001 is floating
ERROR -- Node $N_0003 is floating